

Started GET "/" for ::1 at 2015-01-03 00:24:37 +0800
Processing by Rails::WelcomeController#index as HTML
  Rendered /usr/local/rvm/gems/ruby-2.1.5/gems/railties-4.2.0/lib/rails/templates/rails/welcome/index.html.erb (1.5ms)
Completed 200 OK in 16ms (Views: 7.6ms | ActiveRecord: 0.0ms)


Started GET "/rails/info/properties" for ::1 at 2015-01-03 00:24:49 +0800
Processing by Rails::InfoController#properties as */*
  Rendered /usr/local/rvm/gems/ruby-2.1.5/gems/railties-4.2.0/lib/rails/templates/rails/info/properties.html.erb (0.4ms)
Completed 200 OK in 30ms (Views: 8.5ms | ActiveRecord: 0.9ms)
  [1m[36m (75.1ms)[0m  [1mCREATE TABLE `schema_migrations` (`version` varchar(255) NOT NULL) ENGINE=InnoDB[0m
  [1m[35m (190.3ms)[0m  CREATE UNIQUE INDEX `unique_schema_migrations`  ON `schema_migrations` (`version`) 
  [1m[36mActiveRecord::SchemaMigration Load (0.4ms)[0m  [1mSELECT `schema_migrations`.* FROM `schema_migrations`[0m
Migrating to CreateItems (20150102162710)
  [1m[35m (82.6ms)[0m  CREATE TABLE `items` (`id` int(11) auto_increment PRIMARY KEY, `title` varchar(255), `description` text, `created_at` datetime NOT NULL, `updated_at` datetime NOT NULL) ENGINE=InnoDB
  [1m[36m (0.1ms)[0m  [1mBEGIN[0m
  [1m[35mSQL (0.2ms)[0m  INSERT INTO `schema_migrations` (`version`) VALUES ('20150102162710')
  [1m[36m (38.2ms)[0m  [1mCOMMIT[0m
  [1m[35mActiveRecord::SchemaMigration Load (0.5ms)[0m  SELECT `schema_migrations`.* FROM `schema_migrations`
  [1m[36m (0.7ms)[0m  [1mSELECT fk.referenced_table_name as 'to_table'
      ,fk.referenced_column_name as 'primary_key'
      ,fk.column_name as 'column'
      ,fk.constraint_name as 'name'
FROM information_schema.key_column_usage fk
WHERE fk.referenced_column_name is not null
  AND fk.table_schema = 'cts_dev'
  AND fk.table_name = 'items'
[0m
  [1m[35m (0.5ms)[0m  SHOW CREATE TABLE `items`


Started GET "/" for ::1 at 2015-01-03 00:27:58 +0800
  [1m[36mActiveRecord::SchemaMigration Load (0.3ms)[0m  [1mSELECT `schema_migrations`.* FROM `schema_migrations`[0m
Processing by Rails::WelcomeController#index as HTML
  Rendered /usr/local/rvm/gems/ruby-2.1.5/gems/railties-4.2.0/lib/rails/templates/rails/welcome/index.html.erb (1.8ms)
Completed 200 OK in 16ms (Views: 7.8ms | ActiveRecord: 0.0ms)


Started GET "/items" for ::1 at 2015-01-03 00:28:04 +0800
Processing by ItemsController#index as HTML
  [1m[35mItem Load (0.2ms)[0m  SELECT `items`.* FROM `items`
  Rendered items/index.html.erb within layouts/application (2.8ms)
Completed 200 OK in 1666ms (Views: 1663.5ms | ActiveRecord: 0.7ms)


Started GET "/assets/items-069e88c06b889877799890854d7f4c40.css?body=1" for ::1 at 2015-01-03 00:28:06 +0800


Started GET "/assets/scaffolds-dbb82fd01ed839852366503fb7dc00ec.css?body=1" for ::1 at 2015-01-03 00:28:06 +0800


Started GET "/assets/application-70123c8e760e5ed76241c0db2ebf515f.css?body=1" for ::1 at 2015-01-03 00:28:06 +0800


Started GET "/assets/jquery-eb3e278249152b5b5d5170b73d9dbf52.js?body=1" for ::1 at 2015-01-03 00:28:06 +0800


Started GET "/assets/jquery_ujs-0b8f09cf5aec4ba1be1abd9f915c77e2.js?body=1" for ::1 at 2015-01-03 00:28:06 +0800


Started GET "/assets/turbolinks-924184401b7d116eadaaefc96895fa84.js?body=1" for ::1 at 2015-01-03 00:28:06 +0800


Started GET "/assets/items-8f6eecd1178ef85964369ec66d33c4f1.js?body=1" for ::1 at 2015-01-03 00:28:06 +0800


Started GET "/assets/application-9d71a2f6dda6b569ca80f60714aabe8b.js?body=1" for ::1 at 2015-01-03 00:28:06 +0800


Started GET "/items/new" for ::1 at 2015-01-03 00:28:08 +0800
Processing by ItemsController#new as HTML
  Rendered items/_form.html.erb (11.2ms)
  Rendered items/new.html.erb within layouts/application (14.3ms)
Completed 200 OK in 79ms (Views: 64.0ms | ActiveRecord: 1.1ms)


Started POST "/items" for ::1 at 2015-01-03 00:28:12 +0800
Processing by ItemsController#create as HTML
  Parameters: {"utf8"=>"✓", "authenticity_token"=>"HPBvp3wSGwvEoAxG6Rp6fab/AIgzyt54SQX4J7natNT4RwcKXC3TtaWb9r5C3lGsVe0XchtqH14NnKDoXscHGQ==", "item"=>{"title"=>"111", "description"=>"2222"}, "commit"=>"Create Item"}
  [1m[36m (0.1ms)[0m  [1mBEGIN[0m
  [1m[35mSQL (0.3ms)[0m  INSERT INTO `items` (`title`, `description`, `created_at`, `updated_at`) VALUES ('111', '2222', '2015-01-02 16:28:12.500463', '2015-01-02 16:28:12.500463')
  [1m[36m (95.2ms)[0m  [1mCOMMIT[0m
Redirected to http://localhost:3000/items/1
Completed 302 Found in 102ms (ActiveRecord: 95.6ms)


Started GET "/items/1" for ::1 at 2015-01-03 00:28:12 +0800
Processing by ItemsController#show as HTML
  Parameters: {"id"=>"1"}
  [1m[35mItem Load (0.5ms)[0m  SELECT  `items`.* FROM `items` WHERE `items`.`id` = 1 LIMIT 1
  Rendered items/show.html.erb within layouts/application (1.0ms)
Completed 200 OK in 62ms (Views: 55.6ms | ActiveRecord: 0.5ms)


Started GET "/items" for ::1 at 2015-01-03 00:28:17 +0800
Processing by ItemsController#index as HTML
  [1m[36mItem Load (0.5ms)[0m  [1mSELECT `items`.* FROM `items`[0m
  Rendered items/index.html.erb within layouts/application (2.1ms)
Completed 200 OK in 123ms (Views: 121.5ms | ActiveRecord: 0.5ms)
